
**** Build of configuration Debug for project lab7 ****

"C:\\ti\\ccsv7\\utils\\bin\\gmake" -k -j 4 all -O 
 
'Building file: "C:/tidcs/c28/DSP2833x/v131/DSP2833x_common/source1/DSP2833x_ADC_cal.asm"'
'Invoking: C2000 Compiler'
"C:/ti/ccsv7/tools/compiler/ti-cgt-c2000_16.9.6.LTS/bin/cl2000" -v28 -ml -mt --float_support=fpu32 --include_path="C:/Users/Ali/Desktop/PWM_Generation/lab7" --include_path="C:/tidcs/c28/IQmath/v15a/include" --include_path="C:/tidcs/c28/DSP2833x/v131/DSP2833x_common/include" --include_path="C:/tidcs/c28/DSP2833x/v131/DSP2833x_headers/include" --include_path="C:/ti/ccsv7/tools/compiler/ti-cgt-c2000_16.9.6.LTS/include" --advice:performance=all -g --diag_warning=225 --diag_wrap=off --display_error_number --preproc_with_compile --preproc_dependency="DSP2833x_ADC_cal.d_raw"  "C:/tidcs/c28/DSP2833x/v131/DSP2833x_common/source1/DSP2833x_ADC_cal.asm"
'Finished building: "C:/tidcs/c28/DSP2833x/v131/DSP2833x_common/source1/DSP2833x_ADC_cal.asm"'
 
'Building file: "C:/tidcs/c28/DSP2833x/v131/DSP2833x_common/source1/DSP2833x_CodeStartBranch.asm"'
'Invoking: C2000 Compiler'
"C:/ti/ccsv7/tools/compiler/ti-cgt-c2000_16.9.6.LTS/bin/cl2000" -v28 -ml -mt --float_support=fpu32 --include_path="C:/Users/Ali/Desktop/PWM_Generation/lab7" --include_path="C:/tidcs/c28/IQmath/v15a/include" --include_path="C:/tidcs/c28/DSP2833x/v131/DSP2833x_common/include" --include_path="C:/tidcs/c28/DSP2833x/v131/DSP2833x_headers/include" --include_path="C:/ti/ccsv7/tools/compiler/ti-cgt-c2000_16.9.6.LTS/include" --advice:performance=all -g --diag_warning=225 --diag_wrap=off --display_error_number --preproc_with_compile --preproc_dependency="DSP2833x_CodeStartBranch.d_raw"  "C:/tidcs/c28/DSP2833x/v131/DSP2833x_common/source1/DSP2833x_CodeStartBranch.asm"
'Finished building: "C:/tidcs/c28/DSP2833x/v131/DSP2833x_common/source1/DSP2833x_CodeStartBranch.asm"'
 
'Building file: "C:/tidcs/c28/DSP2833x/v131/DSP2833x_common/source1/DSP2833x_Adc.c"'
'Invoking: C2000 Compiler'
"C:/ti/ccsv7/tools/compiler/ti-cgt-c2000_16.9.6.LTS/bin/cl2000" -v28 -ml -mt --float_support=fpu32 --include_path="C:/Users/Ali/Desktop/PWM_Generation/lab7" --include_path="C:/tidcs/c28/IQmath/v15a/include" --include_path="C:/tidcs/c28/DSP2833x/v131/DSP2833x_common/include" --include_path="C:/tidcs/c28/DSP2833x/v131/DSP2833x_headers/include" --include_path="C:/ti/ccsv7/tools/compiler/ti-cgt-c2000_16.9.6.LTS/include" --advice:performance=all -g --diag_warning=225 --diag_wrap=off --display_error_number --preproc_with_compile --preproc_dependency="DSP2833x_Adc.d_raw"  "C:/tidcs/c28/DSP2833x/v131/DSP2833x_common/source1/DSP2833x_Adc.c"
'Finished building: "C:/tidcs/c28/DSP2833x/v131/DSP2833x_common/source1/DSP2833x_Adc.c"'
 
'Building file: "C:/tidcs/c28/DSP2833x/v131/DSP2833x_common/source1/DSP2833x_CpuTimers.c"'
'Invoking: C2000 Compiler'
"C:/ti/ccsv7/tools/compiler/ti-cgt-c2000_16.9.6.LTS/bin/cl2000" -v28 -ml -mt --float_support=fpu32 --include_path="C:/Users/Ali/Desktop/PWM_Generation/lab7" --include_path="C:/tidcs/c28/IQmath/v15a/include" --include_path="C:/tidcs/c28/DSP2833x/v131/DSP2833x_common/include" --include_path="C:/tidcs/c28/DSP2833x/v131/DSP2833x_headers/include" --include_path="C:/ti/ccsv7/tools/compiler/ti-cgt-c2000_16.9.6.LTS/include" --advice:performance=all -g --diag_warning=225 --diag_wrap=off --display_error_number --preproc_with_compile --preproc_dependency="DSP2833x_CpuTimers.d_raw"  "C:/tidcs/c28/DSP2833x/v131/DSP2833x_common/source1/DSP2833x_CpuTimers.c"
'Finished building: "C:/tidcs/c28/DSP2833x/v131/DSP2833x_common/source1/DSP2833x_CpuTimers.c"'
 
'Building file: "C:/tidcs/c28/DSP2833x/v131/DSP2833x_common/source1/DSP2833x_PieCtrl.c"'
'Invoking: C2000 Compiler'
"C:/ti/ccsv7/tools/compiler/ti-cgt-c2000_16.9.6.LTS/bin/cl2000" -v28 -ml -mt --float_support=fpu32 --include_path="C:/Users/Ali/Desktop/PWM_Generation/lab7" --include_path="C:/tidcs/c28/IQmath/v15a/include" --include_path="C:/tidcs/c28/DSP2833x/v131/DSP2833x_common/include" --include_path="C:/tidcs/c28/DSP2833x/v131/DSP2833x_headers/include" --include_path="C:/ti/ccsv7/tools/compiler/ti-cgt-c2000_16.9.6.LTS/include" --advice:performance=all -g --diag_warning=225 --diag_wrap=off --display_error_number --preproc_with_compile --preproc_dependency="DSP2833x_PieCtrl.d_raw"  "C:/tidcs/c28/DSP2833x/v131/DSP2833x_common/source1/DSP2833x_PieCtrl.c"
'Finished building: "C:/tidcs/c28/DSP2833x/v131/DSP2833x_common/source1/DSP2833x_PieCtrl.c"'
 
'Building file: "C:/tidcs/c28/DSP2833x/v131/DSP2833x_common/source1/DSP2833x_DefaultIsr.c"'
'Invoking: C2000 Compiler'
"C:/ti/ccsv7/tools/compiler/ti-cgt-c2000_16.9.6.LTS/bin/cl2000" -v28 -ml -mt --float_support=fpu32 --include_path="C:/Users/Ali/Desktop/PWM_Generation/lab7" --include_path="C:/tidcs/c28/IQmath/v15a/include" --include_path="C:/tidcs/c28/DSP2833x/v131/DSP2833x_common/include" --include_path="C:/tidcs/c28/DSP2833x/v131/DSP2833x_headers/include" --include_path="C:/ti/ccsv7/tools/compiler/ti-cgt-c2000_16.9.6.LTS/include" --advice:performance=all -g --diag_warning=225 --diag_wrap=off --display_error_number --preproc_with_compile --preproc_dependency="DSP2833x_DefaultIsr.d_raw"  "C:/tidcs/c28/DSP2833x/v131/DSP2833x_common/source1/DSP2833x_DefaultIsr.c"
'Finished building: "C:/tidcs/c28/DSP2833x/v131/DSP2833x_common/source1/DSP2833x_DefaultIsr.c"'
 
'Building file: "C:/tidcs/c28/DSP2833x/v131/DSP2833x_common/source1/DSP2833x_PieVect.c"'
'Invoking: C2000 Compiler'
"C:/ti/ccsv7/tools/compiler/ti-cgt-c2000_16.9.6.LTS/bin/cl2000" -v28 -ml -mt --float_support=fpu32 --include_path="C:/Users/Ali/Desktop/PWM_Generation/lab7" --include_path="C:/tidcs/c28/IQmath/v15a/include" --include_path="C:/tidcs/c28/DSP2833x/v131/DSP2833x_common/include" --include_path="C:/tidcs/c28/DSP2833x/v131/DSP2833x_headers/include" --include_path="C:/ti/ccsv7/tools/compiler/ti-cgt-c2000_16.9.6.LTS/include" --advice:performance=all -g --diag_warning=225 --diag_wrap=off --display_error_number --preproc_with_compile --preproc_dependency="DSP2833x_PieVect.d_raw"  "C:/tidcs/c28/DSP2833x/v131/DSP2833x_common/source1/DSP2833x_PieVect.c"
'Finished building: "C:/tidcs/c28/DSP2833x/v131/DSP2833x_common/source1/DSP2833x_PieVect.c"'
 
'Building file: "C:/tidcs/c28/DSP2833x/v131/DSP2833x_common/source1/DSP2833x_usDelay.asm"'
'Invoking: C2000 Compiler'
"C:/ti/ccsv7/tools/compiler/ti-cgt-c2000_16.9.6.LTS/bin/cl2000" -v28 -ml -mt --float_support=fpu32 --include_path="C:/Users/Ali/Desktop/PWM_Generation/lab7" --include_path="C:/tidcs/c28/IQmath/v15a/include" --include_path="C:/tidcs/c28/DSP2833x/v131/DSP2833x_common/include" --include_path="C:/tidcs/c28/DSP2833x/v131/DSP2833x_headers/include" --include_path="C:/ti/ccsv7/tools/compiler/ti-cgt-c2000_16.9.6.LTS/include" --advice:performance=all -g --diag_warning=225 --diag_wrap=off --display_error_number --preproc_with_compile --preproc_dependency="DSP2833x_usDelay.d_raw"  "C:/tidcs/c28/DSP2833x/v131/DSP2833x_common/source1/DSP2833x_usDelay.asm"
'Finished building: "C:/tidcs/c28/DSP2833x/v131/DSP2833x_common/source1/DSP2833x_usDelay.asm"'
 
'Building file: "../Display_ADC.c"'
'Invoking: C2000 Compiler'
"C:/ti/ccsv7/tools/compiler/ti-cgt-c2000_16.9.6.LTS/bin/cl2000" -v28 -ml -mt --float_support=fpu32 --include_path="C:/Users/Ali/Desktop/PWM_Generation/lab7" --include_path="C:/tidcs/c28/IQmath/v15a/include" --include_path="C:/tidcs/c28/DSP2833x/v131/DSP2833x_common/include" --include_path="C:/tidcs/c28/DSP2833x/v131/DSP2833x_headers/include" --include_path="C:/ti/ccsv7/tools/compiler/ti-cgt-c2000_16.9.6.LTS/include" --advice:performance=all -g --diag_warning=225 --diag_wrap=off --display_error_number --preproc_with_compile --preproc_dependency="Display_ADC.d_raw"  "../Display_ADC.c"
'Finished building: "../Display_ADC.c"'
 
'Building file: "C:/tidcs/c28/DSP2833x/v131/DSP2833x_headers/source/DSP2833x_GlobalVariableDefs.c"'
'Invoking: C2000 Compiler'
"C:/ti/ccsv7/tools/compiler/ti-cgt-c2000_16.9.6.LTS/bin/cl2000" -v28 -ml -mt --float_support=fpu32 --include_path="C:/Users/Ali/Desktop/PWM_Generation/lab7" --include_path="C:/tidcs/c28/IQmath/v15a/include" --include_path="C:/tidcs/c28/DSP2833x/v131/DSP2833x_common/include" --include_path="C:/tidcs/c28/DSP2833x/v131/DSP2833x_headers/include" --include_path="C:/ti/ccsv7/tools/compiler/ti-cgt-c2000_16.9.6.LTS/include" --advice:performance=all -g --diag_warning=225 --diag_wrap=off --display_error_number --preproc_with_compile --preproc_dependency="DSP2833x_GlobalVariableDefs.d_raw"  "C:/tidcs/c28/DSP2833x/v131/DSP2833x_headers/source/DSP2833x_GlobalVariableDefs.c"
'Finished building: "C:/tidcs/c28/DSP2833x/v131/DSP2833x_headers/source/DSP2833x_GlobalVariableDefs.c"'
 
'Building file: "C:/tidcs/c28/DSP2833x/v131/DSP2833x_common/source1/DSP2833x_SysCtrl.c"'
'Invoking: C2000 Compiler'
"C:/ti/ccsv7/tools/compiler/ti-cgt-c2000_16.9.6.LTS/bin/cl2000" -v28 -ml -mt --float_support=fpu32 --include_path="C:/Users/Ali/Desktop/PWM_Generation/lab7" --include_path="C:/tidcs/c28/IQmath/v15a/include" --include_path="C:/tidcs/c28/DSP2833x/v131/DSP2833x_common/include" --include_path="C:/tidcs/c28/DSP2833x/v131/DSP2833x_headers/include" --include_path="C:/ti/ccsv7/tools/compiler/ti-cgt-c2000_16.9.6.LTS/include" --advice:performance=all -g --diag_warning=225 --diag_wrap=off --display_error_number --preproc_with_compile --preproc_dependency="DSP2833x_SysCtrl.d_raw"  "C:/tidcs/c28/DSP2833x/v131/DSP2833x_common/source1/DSP2833x_SysCtrl.c"
'Finished building: "C:/tidcs/c28/DSP2833x/v131/DSP2833x_common/source1/DSP2833x_SysCtrl.c"'
 
'Building file: "../sinusWithOUTPots.c"'
'Invoking: C2000 Compiler'
"C:/ti/ccsv7/tools/compiler/ti-cgt-c2000_16.9.6.LTS/bin/cl2000" -v28 -ml -mt --float_support=fpu32 --include_path="C:/Users/Ali/Desktop/PWM_Generation/lab7" --include_path="C:/tidcs/c28/IQmath/v15a/include" --include_path="C:/tidcs/c28/DSP2833x/v131/DSP2833x_common/include" --include_path="C:/tidcs/c28/DSP2833x/v131/DSP2833x_headers/include" --include_path="C:/ti/ccsv7/tools/compiler/ti-cgt-c2000_16.9.6.LTS/include" --advice:performance=all -g --diag_warning=225 --diag_wrap=off --display_error_number --preproc_with_compile --preproc_dependency="sinusWithOUTPots.d_raw"  "../sinusWithOUTPots.c"
"../sinusWithOUTPots.c", line 345: warning #179-D: variable "AphaseCurrent" was declared but never referenced
"../sinusWithOUTPots.c", line 347: warning #179-D: variable "BphaseCurrent" was declared but never referenced
"../sinusWithOUTPots.c", line 349: warning #179-D: variable "CphaseCurrent" was declared but never referenced
'Finished building: "../sinusWithOUTPots.c"'
 
'Building target: "lab7.out"'
'Invoking: C2000 Linker'
"C:/ti/ccsv7/tools/compiler/ti-cgt-c2000_16.9.6.LTS/bin/cl2000" -v28 -ml -mt --float_support=fpu32 --advice:performance=all -g --diag_warning=225 --diag_wrap=off --display_error_number -z -m"lab7.map" --stack_size=0x400 --warn_sections -i"C:/ti/ccsv7/tools/compiler/ti-cgt-c2000_16.9.6.LTS/lib" -i"C:/ti/ccsv7/tools/compiler/ti-cgt-c2000_16.9.6.LTS/include" --reread_libs --diag_wrap=off --display_error_number --xml_link_info="lab7_linkInfo.xml" --rom_model -o "lab7.out" "./DSP2833x_ADC_cal.obj" "./DSP2833x_Adc.obj" "./DSP2833x_CodeStartBranch.obj" "./DSP2833x_CpuTimers.obj" "./DSP2833x_DefaultIsr.obj" "./DSP2833x_GlobalVariableDefs.obj" "./DSP2833x_PieCtrl.obj" "./DSP2833x_PieVect.obj" "./DSP2833x_SysCtrl.obj" "./DSP2833x_usDelay.obj" "./Display_ADC.obj" "./sinusWithOUTPots.obj" "../28335_RAM_lnk.cmd" "C:/tidcs/c28/DSP2833x/v131/DSP2833x_headers/cmd/DSP2833x_Headers_nonBIOS.cmd"  -lrts2800_fpu32.lib 
<Linking>
warning #10247-D: creating output section "ramfuncs" without a SECTIONS specification
'Finished building target: "lab7.out"'
 

**** Build Finished ****
